  Hz.cpp
C:\Users\user\source\repos\Hz\Hz.cpp(8,2): error C4235: использовано нестандартное расширение: ключевое слово "__asm" данной архитектурой не поддерживается
C:\Users\user\source\repos\Hz\Hz.cpp(9,3): error C2065: mov: необъявленный идентификатор
C:\Users\user\source\repos\Hz\Hz.cpp(9,7): error C2146: синтаксическая ошибка: отсутствие ";" перед идентификатором "esi"
C:\Users\user\source\repos\Hz\Hz.cpp(9,7): error C2065: esi: необъявленный идентификатор
C:\Users\user\source\repos\Hz\Hz.cpp(10,3): error C2146: синтаксическая ошибка: отсутствие ";" перед идентификатором "mov"
C:\Users\user\source\repos\Hz\Hz.cpp(10,3): error C2065: mov: необъявленный идентификатор
C:\Users\user\source\repos\Hz\Hz.cpp(10,7): error C2146: синтаксическая ошибка: отсутствие ";" перед идентификатором "ecx"
C:\Users\user\source\repos\Hz\Hz.cpp(10,7): error C2065: ecx: необъявленный идентификатор
C:\Users\user\source\repos\Hz\Hz.cpp(11,3): error C2146: синтаксическая ошибка: отсутствие ";" перед идентификатором "mov"
C:\Users\user\source\repos\Hz\Hz.cpp(11,3): error C2065: mov: необъявленный идентификатор
C:\Users\user\source\repos\Hz\Hz.cpp(11,7): error C2146: синтаксическая ошибка: отсутствие ";" перед идентификатором "ebx"
C:\Users\user\source\repos\Hz\Hz.cpp(11,7): error C2065: ebx: необъявленный идентификатор
C:\Users\user\source\repos\Hz\Hz.cpp(12,3): error C2146: синтаксическая ошибка: отсутствие ";" перед идентификатором "mov"
C:\Users\user\source\repos\Hz\Hz.cpp(12,3): error C2065: mov: необъявленный идентификатор
C:\Users\user\source\repos\Hz\Hz.cpp(12,7): error C2146: синтаксическая ошибка: отсутствие ";" перед идентификатором "edx"
C:\Users\user\source\repos\Hz\Hz.cpp(12,7): error C2065: edx: необъявленный идентификатор
C:\Users\user\source\repos\Hz\Hz.cpp(13,3): error C2146: синтаксическая ошибка: отсутствие ";" перед идентификатором "loopcheck"
C:\Users\user\source\repos\Hz\Hz.cpp(14,3): error C2065: cmp: необъявленный идентификатор
C:\Users\user\source\repos\Hz\Hz.cpp(14,7): error C2065: esi: необъявленный идентификатор
C:\Users\user\source\repos\Hz\Hz.cpp(14,13): error C2065: ebx: необъявленный идентификатор
C:\Users\user\source\repos\Hz\Hz.cpp(15,4): error C2146: синтаксическая ошибка: отсутствие ";" перед идентификатором "jg"
C:\Users\user\source\repos\Hz\Hz.cpp(15,4): error C2065: jg: необъявленный идентификатор
C:\Users\user\source\repos\Hz\Hz.cpp(15,7): error C2146: синтаксическая ошибка: отсутствие ";" перед идентификатором "notright"
C:\Users\user\source\repos\Hz\Hz.cpp(15,7): error C2065: notright: необъявленный идентификатор
C:\Users\user\source\repos\Hz\Hz.cpp(16,4): error C2146: синтаксическая ошибка: отсутствие ";" перед идентификатором "add"
C:\Users\user\source\repos\Hz\Hz.cpp(16,4): error C2065: add: необъявленный идентификатор
C:\Users\user\source\repos\Hz\Hz.cpp(16,8): error C2146: синтаксическая ошибка: отсутствие ";" перед идентификатором "edx"
C:\Users\user\source\repos\Hz\Hz.cpp(16,8): error C2065: edx: необъявленный идентификатор
C:\Users\user\source\repos\Hz\Hz.cpp(17,4): error C2760: синтаксическая ошибка: непредвиденный элемент "идентификатор". Ожидается "{"
C:\Users\user\source\repos\Hz\Hz.cpp(17,13): error C2059: синтаксическая ошибка: :
